<?xml version="1.0" encoding="UTF-8"?>
<!-- Generated by org.testng.reporters.JUnitXMLReporter -->
<testsuite ignored="0" hostname="DESKTOP-6GTF1AI" failures="0" tests="7" name="Product Info Page Test" time="60.852" errors="0" timestamp="07 Mar 2023 06:52:46 GMT">
  <testcase classname="com.qa.opencart.Tests.ProductPageInfoTest" name="addtToCartTest" time="10.855"/>
  <testcase classname="com.qa.opencart.Tests.ProductPageInfoTest" name="addtToCartTest" time="7.886"/>
  <testcase classname="com.qa.opencart.Tests.ProductPageInfoTest" name="productImagesCountTest" time="4.232"/>
  <testcase classname="com.qa.opencart.Tests.ProductPageInfoTest" name="productImagesCountTest" time="4.387"/>
  <testcase classname="com.qa.opencart.Tests.ProductPageInfoTest" name="productImagesCountTest" time="5.516"/>
  <testcase classname="com.qa.opencart.Tests.ProductPageInfoTest" name="productImagesCountTest" time="4.674"/>
  <testcase classname="com.qa.opencart.Tests.ProductPageInfoTest" name="productInfoTest" time="5.985"/>
</testsuite> <!-- Product Info Page Test -->
