<?xml version="1.0" encoding="UTF-8"?>
<!-- Generated by org.testng.reporters.JUnitXMLReporter -->
<testsuite ignored="0" hostname="DESKTOP-6GTF1AI" failures="0" tests="3" name="Register page Test" time="63.888" errors="0" timestamp="07 Mar 2023 06:52:50 GMT">
  <testcase classname="com.qa.opencart.Tests.RegisterPageTest" name="userRegTest" time="17.407"/>
  <testcase classname="com.qa.opencart.Tests.RegisterPageTest" name="userRegTest" time="13.527"/>
  <testcase classname="com.qa.opencart.Tests.RegisterPageTest" name="userRegTest" time="14.22"/>
</testsuite> <!-- Register page Test -->
