<?xml version="1.0" encoding="UTF-8"?>
<!-- Generated by org.testng.reporters.JUnitXMLReporter -->
<testsuite ignored="0" hostname="DESKTOP-6GTF1AI" failures="0" tests="4" name="Default test" time="8.917" errors="0" timestamp="06 Mar 2023 16:52:21 GMT">
  <testcase classname="com.qa.opencart.Tests.LoginPageTest" name="loginPageTitleTest" time="0.034"/>
  <testcase classname="com.qa.opencart.Tests.LoginPageTest" name="loginPageURLTest" time="0.01"/>
  <testcase classname="com.qa.opencart.Tests.LoginPageTest" name="forgotPwdLinkExistTest" time="0.062"/>
  <testcase classname="com.qa.opencart.Tests.LoginPageTest" name="loginTest" time="2.744"/>
</testsuite> <!-- Default test -->
